<?xml version="1.0" encoding="UTF-8"?>
<!-- Generated by org.testng.reporters.JUnitXMLReporter -->
<testsuite hostname="mary-VirtualBox" ignored="0" name="Test1" tests="4" failures="0" timestamp="09 Apr 2018 17:33:26 GMT" time="0.09" errors="0">
  <testcase name="CreateAudioFileTest" time="0.007" classname="com.mycompany.app.AppTest"/>
  <testcase name="CreateFileWithoutExtension" time="0.001" classname="com.mycompany.app.AppTest"/>
  <testcase name="CreateGeneralFileTest" time="0.004" classname="com.mycompany.app.AppTest"/>
  <testcase name="CreateInappropriateFileTest" time="0.001" classname="com.mycompany.app.AppTest"/>
</testsuite> <!-- Test1 -->
