<?xml version="1.0" encoding="UTF-8"?>
<testng-results skipped="0" failed="0" ignored="0" total="4" passed="4">
  <reporter-output>
  </reporter-output>
  <suite name="Suite1" duration-ms="90" started-at="2018-04-09T17:33:26Z" finished-at="2018-04-09T17:33:26Z">
    <groups>
    </groups>
    <test name="Test1" duration-ms="90" started-at="2018-04-09T17:33:26Z" finished-at="2018-04-09T17:33:26Z">
      <class name="com.mycompany.app.AppTest">
        <test-method status="PASS" signature="CreateTempDirectory()[pri:0, instance:com.mycompany.app.AppTest@d7b1517]" name="CreateTempDirectory" is-config="true" duration-ms="23" started-at="2018-04-09T17:33:26Z" finished-at="2018-04-09T17:33:26Z">
          <reporter-output>
          </reporter-output>
        </test-method> <!-- CreateTempDirectory -->
        <test-method status="PASS" signature="CreateAudioFileTest()[pri:0, instance:com.mycompany.app.AppTest@d7b1517]" name="CreateAudioFileTest" duration-ms="7" started-at="2018-04-09T17:33:26Z" finished-at="2018-04-09T17:33:26Z">
          <reporter-output>
          </reporter-output>
        </test-method> <!-- CreateAudioFileTest -->
        <test-method status="PASS" signature="CreateFileWithoutExtension()[pri:0, instance:com.mycompany.app.AppTest@d7b1517]" name="CreateFileWithoutExtension" duration-ms="1" started-at="2018-04-09T17:33:26Z" finished-at="2018-04-09T17:33:26Z">
          <reporter-output>
          </reporter-output>
        </test-method> <!-- CreateFileWithoutExtension -->
        <test-method status="PASS" signature="CreateGeneralFileTest()[pri:0, instance:com.mycompany.app.AppTest@d7b1517]" name="CreateGeneralFileTest" duration-ms="4" started-at="2018-04-09T17:33:26Z" finished-at="2018-04-09T17:33:26Z">
          <reporter-output>
          </reporter-output>
        </test-method> <!-- CreateGeneralFileTest -->
        <test-method status="PASS" signature="CreateInappropriateFileTest()[pri:0, instance:com.mycompany.app.AppTest@d7b1517]" name="CreateInappropriateFileTest" duration-ms="1" started-at="2018-04-09T17:33:26Z" finished-at="2018-04-09T17:33:26Z">
          <exception class="java.io.IOException">
            <message>
              <![CDATA[No such file or directory]]>
            </message>
            <full-stacktrace>
              <![CDATA[java.io.IOException: No such file or directory
at java.io.UnixFileSystem.createFileExclusively(Native Method)
at java.io.File.createNewFile(File.java:1012)
at com.mycompany.app.AppTest.CreateInappropriateFileTest(AppTest.java:45)
at sun.reflect.NativeMethodAccessorImpl.invoke0(Native Method)
at sun.reflect.NativeMethodAccessorImpl.invoke(NativeMethodAccessorImpl.java:62)
at sun.reflect.DelegatingMethodAccessorImpl.invoke(DelegatingMethodAccessorImpl.java:43)
at java.lang.reflect.Method.invoke(Method.java:498)
at org.testng.internal.MethodInvocationHelper.invokeMethod(MethodInvocationHelper.java:124)
at org.testng.internal.Invoker.invokeMethod(Invoker.java:580)
at org.testng.internal.Invoker.invokeTestMethod(Invoker.java:716)
at org.testng.internal.Invoker.invokeTestMethods(Invoker.java:988)
at org.testng.internal.TestMethodWorker.invokeTestMethods(TestMethodWorker.java:125)
at org.testng.internal.TestMethodWorker.run(TestMethodWorker.java:109)
at org.testng.TestRunner.privateRun(TestRunner.java:648)
at org.testng.TestRunner.run(TestRunner.java:505)
at org.testng.SuiteRunner.runTest(SuiteRunner.java:455)
at org.testng.SuiteRunner.runSequentially(SuiteRunner.java:450)
at org.testng.SuiteRunner.privateRun(SuiteRunner.java:415)
at org.testng.SuiteRunner.run(SuiteRunner.java:364)
at org.testng.SuiteRunnerWorker.runSuite(SuiteRunnerWorker.java:52)
at org.testng.SuiteRunnerWorker.run(SuiteRunnerWorker.java:84)
at org.testng.TestNG.runSuitesSequentially(TestNG.java:1208)
at org.testng.TestNG.runSuitesLocally(TestNG.java:1137)
at org.testng.TestNG.runSuites(TestNG.java:1049)
at org.testng.TestNG.run(TestNG.java:1017)
at org.apache.maven.surefire.testng.TestNGExecutor.run(TestNGExecutor.java:293)
at org.apache.maven.surefire.testng.TestNGXmlTestSuite.execute(TestNGXmlTestSuite.java:84)
at org.apache.maven.surefire.testng.TestNGProvider.invoke(TestNGProvider.java:91)
at org.apache.maven.surefire.booter.ForkedBooter.invokeProviderInSameClassLoader(ForkedBooter.java:200)
at org.apache.maven.surefire.booter.ForkedBooter.runSuitesInProcess(ForkedBooter.java:153)
at org.apache.maven.surefire.booter.ForkedBooter.main(ForkedBooter.java:103)
]]>
            </full-stacktrace>
          </exception> <!-- java.io.IOException -->
          <reporter-output>
          </reporter-output>
        </test-method> <!-- CreateInappropriateFileTest -->
        <test-method status="PASS" signature="DeleteTempDirectory()[pri:0, instance:com.mycompany.app.AppTest@d7b1517]" name="DeleteTempDirectory" is-config="true" duration-ms="1" started-at="2018-04-09T17:33:26Z" finished-at="2018-04-09T17:33:26Z">
          <reporter-output>
          </reporter-output>
        </test-method> <!-- DeleteTempDirectory -->
      </class> <!-- com.mycompany.app.AppTest -->
    </test> <!-- Test1 -->
  </suite> <!-- Suite1 -->
</testng-results>
